C51 COMPILER V9.57.0.0   TASK_2                                                            03/22/2018 19:40:43 PAGE 1   


C51 COMPILER V9.57.0.0, COMPILATION OF MODULE TASK_2
OBJECT MODULE PLACED IN Task#2.OBJ
COMPILER INVOKED BY: C:\Keil\C51\BIN\C51.exe Task#2.c DB OE BR INCDIR(C:\SiLabs\MCU\Inc)

line level    source

   1          /*------------------------------------------------------------------------------
   2          HELLO.C
   3          
   4          Copyright 1995-2005 Keil Software, Inc.
   5          ------------------------------------------------------------------------------*/
   6          
   7          #include <C8051F020.h>
   8          #include <stdio.h>
   9          
  10          int  delay;
  11          int current;
  12          unsigned char Sev_Segment[10] = {0x3F,0x06,0x5B,0x4F,0x66,0x6D,0x7D,0x07,0x7F,0x67};
  13          
  14          void Delay_Ms(unsigned int itime)
  15          {
  16   1              int i,j;
  17   1      
  18   1              for (i=0;i<itime;i++)                           
  19   1              {
  20   2                      for (j=0;j<1275;j++);
  21   2              }
  22   1      }
  23          void WTC_Disabled()
  24          {
  25   1              WDTCN = 0xde;                                           //disable watchdog timer
  26   1        WDTCN = 0xad;
  27   1      }
  28          void interrupt_init()
  29          {
  30   1              XBR0    = 0x04;
  31   1              XBR1    = 0x14;                                         //INT1 and INT0 routed to Port pin
  32   1              XBR2    = 0x40;            //Enable crossbar and weak pull-ups
  33   1              EA      = 1;               //Enable All
  34   1              EX0     = 1;                                            //Enable External Interrupt0
  35   1              EX1     = 1;                                                    //Enable External Interrupt1
  36   1              IT0     = 1;                                                    //choose falling edge
  37   1              IT1     = 0;
  38   1      }
  39          
  40          void init_port()
  41          {22
  42   1              P74OUT  = 0x08;
*** ERROR C141 IN LINE 42 OF Task#2.c: syntax error near 'P74OUT'
  43   1              P1MDOUT = 0xff; 
  44   1              P5              = 0x01; 
  45   1      
  46   1      }
  47          
  48          void increment()
  49          {
  50   1              for(current=0;current<=9;current++)
  51   1              {
  52   2                      P1 = Sev_Segment[current];
  53   2                      if ((P5&0x01) == 0x00) 
  54   2                      {
C51 COMPILER V9.57.0.0   TASK_2                                                            03/22/2018 19:40:43 PAGE 2   

  55   3                              delay = 50 ;
  56   3                      }
  57   2                      else if ((P5&0x01) == 0x01)
  58   2                      {
  59   3                              delay = 150;
  60   3                      }
  61   2      
  62   2                      Delay_Ms(delay);
  63   2      
  64   2                      if(current == 9)
  65   2                      {
  66   3                              current =-1;
  67   3                      }
  68   2                      
  69   2                      
  70   2              }
  71   1      }
  72          void decrement()
  73          {
  74   1              for(;current>=0;current--)
  75   1              {
  76   2                      P1 = Sev_Segment[current];
  77   2                      if(current !=0)
  78   2                      {
  79   3                              if ((P5&0x01) == 0x00) 
  80   3                      {
  81   4                              delay = 50 ;
  82   4                      }
  83   3                      else if ((P5&0x01) == 0x01)
  84   3                      {
  85   4                              delay = 150;
  86   4                      }
  87   3                              Delay_Ms(delay);
  88   3                      }
  89   2              }
  90   1      }
  91          
  92          void INT0_ (void) interrupt 0           //interrupt 0 action
  93          {
  94   1      
  95   1              P5 |= 0x10;
  96   1              P5 |= 0x20;
  97   1              P5 |=0x40;
  98   1              Delay_Ms(600);
  99   1              P5 &= 0x0f;
 100   1              decrement();
 101   1                
 102   1              
 103   1      }
 104          
 105          
 106          void main(void)
 107          {
 108   1              WTC_Disabled();
 109   1              interrupt_init();
 110   1              init_port();
 111   1      
 112   1              while(1)
 113   1              {
 114   2                      increment();
 115   2                      
 116   2              }
C51 COMPILER V9.57.0.0   TASK_2                                                            03/22/2018 19:40:43 PAGE 3   

 117   1      
 118   1      }

C51 COMPILATION COMPLETE.  0 WARNING(S),  1 ERROR(S)
